example/build/app/intermediates/manifest_merge_blame_file/release/manifest-merger-blame-release-report.txt
1<?xml version="1.0" encoding="utf-8"?>
2<manifest xmlns:android="http://schemas.android.com/apk/res/android"
3    package="com.samarth.flutter_upi_example"
4    android:versionCode="1"
5    android:versionName="1.0" >
6
7    <uses-sdk
8        android:minSdkVersion="19"
8-->src\main\AndroidManifest.xml
9        android:targetSdkVersion="28" />
9-->src\main\AndroidManifest.xml
10
11    <!--
12         io.flutter.app.FlutterApplication is an android.app.Application that
13         calls FlutterMain.startInitialization(this); in its onCreate method.
14         In most cases you can leave this as-is, but you if you want to provide
15         additional functionality it is fine to subclass or reimplement
16         FlutterApplication and put your custom class here.
17    -->
18    <uses-permission android:name="android.permission.INTERNET" />
18-->src\main\AndroidManifest.xml:9:5-66
18-->src\main\AndroidManifest.xml:9:22-64
19    <uses-permission android:name="android.permission.MICROPHONE" />
19-->src\main\AndroidManifest.xml:10:5-68
19-->src\main\AndroidManifest.xml:10:22-66
20    <uses-permission android:name="android.permission.MODIFY_AUDIO_SETTINGS" />
20-->src\main\AndroidManifest.xml:11:5-80
20-->src\main\AndroidManifest.xml:11:22-77
21    <uses-permission android:name="android.permission.RECORD_AUDIO" />
21-->src\main\AndroidManifest.xml:12:5-70
21-->src\main\AndroidManifest.xml:12:22-68
22    <uses-permission android:name="android.permission.INTERNET" />
22-->src\main\AndroidManifest.xml:9:5-66
22-->src\main\AndroidManifest.xml:9:22-64
23
24    <uses-feature android:name="android.hardware.audio.low_latency" />
24-->src\main\AndroidManifest.xml:14:5-71
24-->src\main\AndroidManifest.xml:14:19-68
25    <uses-feature android:name="android.hardware.audio.pro" />
25-->src\main\AndroidManifest.xml:15:5-63
25-->src\main\AndroidManifest.xml:15:19-60
26    <uses-feature android:name="android.hardware.microphone" />
26-->src\main\AndroidManifest.xml:16:5-63
26-->src\main\AndroidManifest.xml:16:19-61
27
28    <queries>
28-->[:flutter_inappwebview] AndroidManifest.xml:7:5-11:15
29        <intent>
29-->[:flutter_inappwebview] AndroidManifest.xml:8:9-10:18
30            <action android:name="android.support.customtabs.action.CustomTabsService" />
30-->[:flutter_inappwebview] AndroidManifest.xml:9:13-90
30-->[:flutter_inappwebview] AndroidManifest.xml:9:21-87
31        </intent>
32    </queries>
33
34    <application
34-->src\main\AndroidManifest.xml:19:5-42:19
35        android:name="io.flutter.app.FlutterApplication"
35-->src\main\AndroidManifest.xml:20:9-57
36        android:appComponentFactory="androidx.core.app.CoreComponentFactory"
36-->[androidx.core:core:1.3.0] AndroidManifest.xml:24:18-86
37        android:icon="@mipmap/ic_launcher"
37-->src\main\AndroidManifest.xml:22:9-43
38        android:label="flutter_upi_example" >
38-->src\main\AndroidManifest.xml:21:9-44
39        <activity
39-->src\main\AndroidManifest.xml:23:9-41:20
40            android:name="com.samarth.flutter_upi_example.MainActivity"
40-->src\main\AndroidManifest.xml:24:13-41
41            android:configChanges="orientation|keyboardHidden|keyboard|screenSize|locale|layoutDirection|fontScale|screenLayout|density|uiMode"
41-->src\main\AndroidManifest.xml:27:13-144
42            android:hardwareAccelerated="true"
42-->src\main\AndroidManifest.xml:28:13-47
43            android:launchMode="singleTop"
43-->src\main\AndroidManifest.xml:25:13-43
44            android:theme="@style/LaunchTheme"
44-->src\main\AndroidManifest.xml:26:13-47
45            android:windowSoftInputMode="adjustResize" >
45-->src\main\AndroidManifest.xml:29:13-55
46
47            <!--
48                 This keeps the window background of the activity showing
49                 until Flutter renders its first frame. It can be removed if
50                 there is no splash screen (such as the default splash screen
51                 defined in @style/LaunchTheme).
52            -->
53            <meta-data
53-->src\main\AndroidManifest.xml:34:13-36:40
54                android:name="io.flutter.app.android.SplashScreenUntilFirstFrame"
54-->src\main\AndroidManifest.xml:35:17-82
55                android:value="true" />
55-->src\main\AndroidManifest.xml:36:17-37
56
57            <intent-filter>
57-->src\main\AndroidManifest.xml:37:13-40:29
58                <action android:name="android.intent.action.MAIN" />
58-->src\main\AndroidManifest.xml:38:17-68
58-->src\main\AndroidManifest.xml:38:25-66
59
60                <category android:name="android.intent.category.LAUNCHER" />
60-->src\main\AndroidManifest.xml:39:17-76
60-->src\main\AndroidManifest.xml:39:27-74
61            </intent-filter>
62        </activity>
63        <activity
63-->[:flutter_inappwebview] AndroidManifest.xml:14:9-17:47
64            android:name="com.pichillilorenzo.flutter_inappwebview.in_app_browser.InAppBrowserActivity"
64-->[:flutter_inappwebview] AndroidManifest.xml:15:13-104
65            android:configChanges="orientation|keyboardHidden|keyboard|screenSize|locale|layoutDirection|fontScale|screenLayout|density"
65-->[:flutter_inappwebview] AndroidManifest.xml:16:13-137
66            android:theme="@style/AppTheme" />
66-->[:flutter_inappwebview] AndroidManifest.xml:17:13-44
67        <activity
67-->[:flutter_inappwebview] AndroidManifest.xml:18:9-20:55
68            android:name="com.pichillilorenzo.flutter_inappwebview.chrome_custom_tabs.ChromeCustomTabsActivity"
68-->[:flutter_inappwebview] AndroidManifest.xml:19:13-112
69            android:theme="@style/ThemeTransparent" />
69-->[:flutter_inappwebview] AndroidManifest.xml:20:13-52
70
71        <receiver android:name="com.pichillilorenzo.flutter_inappwebview.chrome_custom_tabs.ActionBroadcastReceiver" />
71-->[:flutter_inappwebview] AndroidManifest.xml:22:9-120
71-->[:flutter_inappwebview] AndroidManifest.xml:22:19-117
72
73        <meta-data
73-->[:flutter_inappwebview] AndroidManifest.xml:24:9-26:36
74            android:name="io.flutter.embedded_views_preview"
74-->[:flutter_inappwebview] AndroidManifest.xml:25:13-61
75            android:value="true" />
75-->[:flutter_inappwebview] AndroidManifest.xml:26:13-33
76
77        <activity
77-->[:url_launcher] AndroidManifest.xml:8:9-11:74
78            android:name="io.flutter.plugins.urllauncher.UrlLauncherPlugin$WebViewActivity"
78-->[:url_launcher] AndroidManifest.xml:9:13-92
79            android:exported="false"
79-->[:url_launcher] AndroidManifest.xml:10:13-37
80            android:theme="@android:style/Theme.NoTitleBar.Fullscreen" />
80-->[:url_launcher] AndroidManifest.xml:11:13-71
81    </application>
82
83</manifest>